<?xml version="1.0" encoding="UTF-8"?>
<testng-results ignored="0" total="0" passed="0" failed="0" skipped="0">
  <reporter-output>
  </reporter-output>
  <suite started-at="2024-07-17T23:02:13 BRT" name="tests.TestApp" finished-at="2024-07-17T23:02:13 BRT" duration-ms="12">
    <groups>
    </groups>
    <test started-at="2024-07-17T23:02:13 BRT" name="Command line test" finished-at="2024-07-17T23:02:13 BRT" duration-ms="12">
    </test> <!-- Command line test -->
  </suite> <!-- tests.TestApp -->
</testng-results>
